-bash: /home/ec2-user/Scalp/main.py: Permission denied
2026-04-15 10:54:48.836 | WARNING  | importlib._bootstrap:_call_with_frames_removed:241 - Optional: pip install shioaji[speed] or uv add shioaji --extra speed for better performance.
[Login] 環境: 模擬
Response Code: 0 | Event Code: 0 | Info: host '210.59.255.161:80', hostname '210.59.255.161:80' IP 210.59.255.161:80 (host 1 of 1) (host connection attempt 1 of 1) (total connection attempt 1 of 1) | Event: Session up
[Main] 從 watchlist.csv 載入 8 檔：['6706', '3444', '6753', '2376', '6533', '3217', '3016', '2637']
[Init] 6706 | 漲停價=153.0 | trigger_lot=197 | large_order=19.4M
[Init] 3444 | 漲停價=79.8 | trigger_lot=376 | large_order=5.0M
[Init] 6753 | 漲停價=142.0 | trigger_lot=212 | large_order=5.0M
[Init] 2376 | 漲停價=289.5 | trigger_lot=156 | large_order=44.1M
[Init] 6533 | 漲停價=210.5 | trigger_lot=214 | large_order=5.0M
[Init] 3217 | 漲停價=172.0 | trigger_lot=175 | large_order=5.0M
[Init] 3016 | 漲停價=66.8 | trigger_lot=450 | large_order=5.0M
[Init] 2637 | 漲停價=77.2 | trigger_lot=389 | large_order=5.0M
Response Code: 200 | Event Code: 16 | Info: APISUB/V1/SYS/CONTRACT | Event: Subscribe or Unsubscribe ok
[Worker:6706] 執行緒啟動
[Worker:3444] 執行緒啟動
[Worker:6753] 執行緒啟動
[Worker:2376] 執行緒啟動
[Worker:6533] 執行緒啟動
[Worker:3217] 執行緒啟動
[Worker:3016] 執行緒啟動
[Worker:2637] 執行緒啟動
[Main] 監控 ['6706', '3444', '6753', '2376', '6533', '3217', '3016', '2637']，Ctrl+C 可手動中止
[Main] 診斷對象: 6706  快照: /home/ec2-user/Scalp/logs/monitor.json
[Main] 另開 console 執行: python monitor.py
Response Code: 200 | Event Code: 16 | Info: TIC/v1/STK/*/TSE/6706 | Event: Subscribe or Unsubscribe ok
Response Code: 200 | Event Code: 16 | Info: QUO/v1/STK/*/TSE/6706 | Event: Subscribe or Unsubscribe ok
Response Code: 200 | Event Code: 16 | Info: TIC/v1/STK/*/OTC/3444 | Event: Subscribe or Unsubscribe ok
Response Code: 200 | Event Code: 16 | Info: QUO/v1/STK/*/OTC/3444 | Event: Subscribe or Unsubscribe ok
Response Code: 200 | Event Code: 16 | Info: TIC/v1/STK/*/TSE/6753 | Event: Subscribe or Unsubscribe ok
Response Code: 200 | Event Code: 16 | Info: QUO/v1/STK/*/TSE/6753 | Event: Subscribe or Unsubscribe ok
Response Code: 200 | Event Code: 16 | Info: TIC/v1/STK/*/TSE/2376 | Event: Subscribe or Unsubscribe ok
Response Code: 200 | Event Code: 16 | Info: QUO/v1/STK/*/TSE/2376 | Event: Subscribe or Unsubscribe ok
Response Code: 200 | Event Code: 16 | Info: TIC/v1/STK/*/TSE/6533 | Event: Subscribe or Unsubscribe ok
Response Code: 200 | Event Code: 16 | Info: QUO/v1/STK/*/TSE/6533 | Event: Subscribe or Unsubscribe ok
Response Code: 200 | Event Code: 16 | Info: TIC/v1/STK/*/OTC/3217 | Event: Subscribe or Unsubscribe ok
Response Code: 200 | Event Code: 16 | Info: QUO/v1/STK/*/OTC/3217 | Event: Subscribe or Unsubscribe ok
Response Code: 200 | Event Code: 16 | Info: TIC/v1/STK/*/TSE/3016 | Event: Subscribe or Unsubscribe ok
Response Code: 200 | Event Code: 16 | Info: QUO/v1/STK/*/TSE/3016 | Event: Subscribe or Unsubscribe ok
Response Code: 200 | Event Code: 16 | Info: TIC/v1/STK/*/TSE/2637 | Event: Subscribe or Unsubscribe ok
Response Code: 200 | Event Code: 16 | Info: QUO/v1/STK/*/TSE/2637 | Event: Subscribe or Unsubscribe ok
[Main] 手動中止
[worker-6706] 已結束
[worker-3444] 已結束
[worker-6753] 已結束
[worker-2376] 已結束
[worker-6533] 已結束
[worker-3217] 已結束
[worker-3016] 已結束
[worker-2637] 已結束
Response Code: 200 | Event Code: 16 | Info: TIC/v1/STK/*/TSE/6706 | Event: Subscribe or Unsubscribe ok
Response Code: 200 | Event Code: 16 | Info: QUO/v1/STK/*/TSE/6706 | Event: Subscribe or Unsubscribe ok
Response Code: 200 | Event Code: 16 | Info: TIC/v1/STK/*/OTC/3444 | Event: Subscribe or Unsubscribe ok
Response Code: 200 | Event Code: 16 | Info: QUO/v1/STK/*/OTC/3444 | Event: Subscribe or Unsubscribe ok
Response Code: 200 | Event Code: 16 | Info: TIC/v1/STK/*/TSE/6753 | Event: Subscribe or Unsubscribe ok
Response Code: 200 | Event Code: 16 | Info: QUO/v1/STK/*/TSE/6753 | Event: Subscribe or Unsubscribe ok
Response Code: 200 | Event Code: 16 | Info: TIC/v1/STK/*/TSE/2376 | Event: Subscribe or Unsubscribe ok
Response Code: 200 | Event Code: 16 | Info: QUO/v1/STK/*/TSE/2376 | Event: Subscribe or Unsubscribe ok
Response Code: 200 | Event Code: 16 | Info: TIC/v1/STK/*/TSE/6533 | Event: Subscribe or Unsubscribe ok
Response Code: 200 | Event Code: 16 | Info: QUO/v1/STK/*/TSE/6533 | Event: Subscribe or Unsubscribe ok
Response Code: 200 | Event Code: 16 | Info: TIC/v1/STK/*/OTC/3217 | Event: Subscribe or Unsubscribe ok
Response Code: 200 | Event Code: 16 | Info: QUO/v1/STK/*/OTC/3217 | Event: Subscribe or Unsubscribe ok
Response Code: 200 | Event Code: 16 | Info: TIC/v1/STK/*/TSE/3016 | Event: Subscribe or Unsubscribe ok
Response Code: 200 | Event Code: 16 | Info: QUO/v1/STK/*/TSE/3016 | Event: Subscribe or Unsubscribe ok
Response Code: 200 | Event Code: 16 | Info: TIC/v1/STK/*/TSE/2637 | Event: Subscribe or Unsubscribe ok
Response Code: 200 | Event Code: 16 | Info: QUO/v1/STK/*/TSE/2637 | Event: Subscribe or Unsubscribe ok
[Main] 已登出
2026-04-15 10:55:51.800 | WARNING  | importlib._bootstrap:_call_with_frames_removed:241 - Optional: pip install shioaji[speed] or uv add shioaji --extra speed for better performance.
[Login] 環境: 模擬
Response Code: 0 | Event Code: 0 | Info: host '210.59.255.161:80', hostname '210.59.255.161:80' IP 210.59.255.161:80 (host 1 of 1) (host connection attempt 1 of 1) (total connection attempt 1 of 1) | Event: Session up
[Main] 從 watchlist.csv 載入 8 檔：['6706', '3444', '6753', '2376', '6533', '3217', '3016', '2637']
[Init] 6706 | 漲停價=153.0 | trigger_lot=197 | large_order=19.4M
[Init] 3444 | 漲停價=79.8 | trigger_lot=376 | large_order=5.0M
[Init] 6753 | 漲停價=142.0 | trigger_lot=212 | large_order=5.0M
[Init] 2376 | 漲停價=289.5 | trigger_lot=156 | large_order=44.1M
[Init] 6533 | 漲停價=210.5 | trigger_lot=214 | large_order=5.0M
[Init] 3217 | 漲停價=172.0 | trigger_lot=175 | large_order=5.0M
[Init] 3016 | 漲停價=66.8 | trigger_lot=450 | large_order=5.0M
[Init] 2637 | 漲停價=77.2 | trigger_lot=389 | large_order=5.0M
Response Code: 200 | Event Code: 16 | Info: APISUB/V1/SYS/CONTRACT | Event: Subscribe or Unsubscribe ok
[Worker:6706] 執行緒啟動
[Worker:3444] 執行緒啟動
[Worker:6753] 執行緒啟動
[Worker:2376] 執行緒啟動
[Worker:6533] 執行緒啟動
[Worker:3217] 執行緒啟動
[Worker:3016] 執行緒啟動
[Worker:2637] 執行緒啟動
[Main] 監控 ['6706', '3444', '6753', '2376', '6533', '3217', '3016', '2637']，Ctrl+C 可手動中止
[Main] 診斷對象: 6706  快照: /home/ec2-user/Scalp/logs/monitor.json
[Main] 另開 console 執行: python monitor.py
Response Code: 200 | Event Code: 16 | Info: TIC/v1/STK/*/TSE/6706 | Event: Subscribe or Unsubscribe ok
Response Code: 200 | Event Code: 16 | Info: QUO/v1/STK/*/TSE/6706 | Event: Subscribe or Unsubscribe ok
Response Code: 200 | Event Code: 16 | Info: TIC/v1/STK/*/OTC/3444 | Event: Subscribe or Unsubscribe ok
Response Code: 200 | Event Code: 16 | Info: QUO/v1/STK/*/OTC/3444 | Event: Subscribe or Unsubscribe ok
Response Code: 200 | Event Code: 16 | Info: TIC/v1/STK/*/TSE/6753 | Event: Subscribe or Unsubscribe ok
Response Code: 200 | Event Code: 16 | Info: QUO/v1/STK/*/TSE/6753 | Event: Subscribe or Unsubscribe ok
Response Code: 200 | Event Code: 16 | Info: TIC/v1/STK/*/TSE/2376 | Event: Subscribe or Unsubscribe ok
Response Code: 200 | Event Code: 16 | Info: QUO/v1/STK/*/TSE/2376 | Event: Subscribe or Unsubscribe ok
Response Code: 200 | Event Code: 16 | Info: TIC/v1/STK/*/TSE/6533 | Event: Subscribe or Unsubscribe ok
Response Code: 200 | Event Code: 16 | Info: QUO/v1/STK/*/TSE/6533 | Event: Subscribe or Unsubscribe ok
Response Code: 200 | Event Code: 16 | Info: TIC/v1/STK/*/OTC/3217 | Event: Subscribe or Unsubscribe ok
Response Code: 200 | Event Code: 16 | Info: QUO/v1/STK/*/OTC/3217 | Event: Subscribe or Unsubscribe ok
Response Code: 200 | Event Code: 16 | Info: TIC/v1/STK/*/TSE/3016 | Event: Subscribe or Unsubscribe ok
Response Code: 200 | Event Code: 16 | Info: QUO/v1/STK/*/TSE/3016 | Event: Subscribe or Unsubscribe ok
Response Code: 200 | Event Code: 16 | Info: TIC/v1/STK/*/TSE/2637 | Event: Subscribe or Unsubscribe ok
Response Code: 200 | Event Code: 16 | Info: QUO/v1/STK/*/TSE/2637 | Event: Subscribe or Unsubscribe ok
[Main] 手動中止
[worker-6706] 已結束
[worker-3444] 已結束
[worker-6753] 已結束
[worker-2376] 已結束
[worker-6533] 已結束
[worker-3217] 已結束
[worker-3016] 已結束
[worker-2637] 已結束
Response Code: 200 | Event Code: 16 | Info: TIC/v1/STK/*/TSE/6706 | Event: Subscribe or Unsubscribe ok
Response Code: 200 | Event Code: 16 | Info: QUO/v1/STK/*/TSE/6706 | Event: Subscribe or Unsubscribe ok
Response Code: 200 | Event Code: 16 | Info: TIC/v1/STK/*/OTC/3444 | Event: Subscribe or Unsubscribe ok
Response Code: 200 | Event Code: 16 | Info: QUO/v1/STK/*/OTC/3444 | Event: Subscribe or Unsubscribe ok
Response Code: 200 | Event Code: 16 | Info: TIC/v1/STK/*/TSE/6753 | Event: Subscribe or Unsubscribe ok
Response Code: 200 | Event Code: 16 | Info: QUO/v1/STK/*/TSE/6753 | Event: Subscribe or Unsubscribe ok
Response Code: 200 | Event Code: 16 | Info: TIC/v1/STK/*/TSE/2376 | Event: Subscribe or Unsubscribe ok
Response Code: 200 | Event Code: 16 | Info: QUO/v1/STK/*/TSE/2376 | Event: Subscribe or Unsubscribe ok
Response Code: 200 | Event Code: 16 | Info: TIC/v1/STK/*/TSE/6533 | Event: Subscribe or Unsubscribe ok
Response Code: 200 | Event Code: 16 | Info: QUO/v1/STK/*/TSE/6533 | Event: Subscribe or Unsubscribe ok
Response Code: 200 | Event Code: 16 | Info: TIC/v1/STK/*/OTC/3217 | Event: Subscribe or Unsubscribe ok
Response Code: 200 | Event Code: 16 | Info: QUO/v1/STK/*/OTC/3217 | Event: Subscribe or Unsubscribe ok
Response Code: 200 | Event Code: 16 | Info: TIC/v1/STK/*/TSE/3016 | Event: Subscribe or Unsubscribe ok
Response Code: 200 | Event Code: 16 | Info: QUO/v1/STK/*/TSE/3016 | Event: Subscribe or Unsubscribe ok
Response Code: 200 | Event Code: 16 | Info: TIC/v1/STK/*/TSE/2637 | Event: Subscribe or Unsubscribe ok
Response Code: 200 | Event Code: 16 | Info: QUO/v1/STK/*/TSE/2637 | Event: Subscribe or Unsubscribe ok
[Main] 已登出
